<?xml version="1.0" encoding="UTF-8"?>
<testng-results skipped="0" failed="2" ignored="6" total="15" passed="7">
  <reporter-output>
  </reporter-output>
  <suite name="Default suite" duration-ms="176902" started-at="2022-09-19T07:09:26 IST" finished-at="2022-09-19T07:12:22 IST">
    <groups>
    </groups>
    <test name="Default test" duration-ms="176902" started-at="2022-09-19T07:09:26 IST" finished-at="2022-09-19T07:12:22 IST">
      <class name="com.myecom.utiltiy.ExcelSheetHandle">
        <test-method status="PASS" signature="readProp()[pri:0, instance:com.myecom.utiltiy.ExcelSheetHandle@32eebfca]" name="readProp" is-config="true" duration-ms="12" started-at="2022-09-19T07:09:26 IST" finished-at="2022-09-19T07:09:26 IST">
          <reporter-output>
          </reporter-output>
        </test-method> <!-- readProp -->
      </class> <!-- com.myecom.utiltiy.ExcelSheetHandle -->
      <class name="com.myecom.testcases.SignInPageTest">
        <test-method status="PASS" signature="setUp()[pri:0, instance:com.myecom.testcases.SignInPageTest@f4168b8]" name="setUp" is-config="true" duration-ms="19575" started-at="2022-09-19T07:09:26 IST" finished-at="2022-09-19T07:09:45 IST">
          <reporter-output>
          </reporter-output>
        </test-method> <!-- setUp -->
        <test-method status="FAIL" signature="createac()[pri:0, instance:com.myecom.testcases.SignInPageTest@f4168b8]" name="createac" duration-ms="30384" started-at="2022-09-19T07:09:45 IST" finished-at="2022-09-19T07:10:16 IST">
          <exception class="org.openqa.selenium.NoSuchElementException">
            <message>
              <![CDATA[no such element: Unable to locate element: {"method":"xpath","selector":"//body[1]/div[1]/div[2]/div[1]/div[3]/div[1]/div[2]/div[1]/form[1]/div[1]/div[3]/button[1]/span[1]"}
  (Session info: chrome=105.0.5195.127)
For documentation on this error, please visit: https://selenium.dev/exceptions/#no_such_element
Build info: version: '4.4.0', revision: 'e5c75ed026a'
System info: host: 'DESKTOP-5OK70U5', ip: '192.168.43.168', os.name: 'Windows 10', os.arch: 'amd64', os.version: '10.0', java.version: '1.8.0_92'
Driver info: org.openqa.selenium.chrome.ChromeDriver
Command: [689aa999487991d96ec3791daebbf0b3, findElement {using=xpath, value=//body[1]/div[1]/div[2]/div[1]/div[3]/div[1]/div[2]/div[1]/form[1]/div[1]/div[3]/button[1]/span[1]}]
Capabilities {acceptInsecureCerts: false, browserName: chrome, browserVersion: 105.0.5195.127, chrome: {chromedriverVersion: 104.0.5112.79 (3cf3e8c8a07d..., userDataDir: C:\Users\lenovo\AppData\Loc...}, goog:chromeOptions: {debuggerAddress: localhost:50313}, networkConnectionEnabled: false, pageLoadStrategy: normal, platformName: WINDOWS, proxy: Proxy(), se:cdp: ws://localhost:50313/devtoo..., se:cdpVersion: 105.0.5195.127, setWindowRect: true, strictFileInteractability: false, timeouts: {implicit: 0, pageLoad: 300000, script: 30000}, unhandledPromptBehavior: dismiss and notify, webauthn:extension:credBlob: true, webauthn:extension:largeBlob: true, webauthn:virtualAuthenticators: true}
Session ID: 689aa999487991d96ec3791daebbf0b3]]>
            </message>
            <full-stacktrace>
              <![CDATA[org.openqa.selenium.NoSuchElementException: no such element: Unable to locate element: {"method":"xpath","selector":"//body[1]/div[1]/div[2]/div[1]/div[3]/div[1]/div[2]/div[1]/form[1]/div[1]/div[3]/button[1]/span[1]"}
  (Session info: chrome=105.0.5195.127)
For documentation on this error, please visit: https://selenium.dev/exceptions/#no_such_element
Build info: version: '4.4.0', revision: 'e5c75ed026a'
System info: host: 'DESKTOP-5OK70U5', ip: '192.168.43.168', os.name: 'Windows 10', os.arch: 'amd64', os.version: '10.0', java.version: '1.8.0_92'
Driver info: org.openqa.selenium.chrome.ChromeDriver
Command: [689aa999487991d96ec3791daebbf0b3, findElement {using=xpath, value=//body[1]/div[1]/div[2]/div[1]/div[3]/div[1]/div[2]/div[1]/form[1]/div[1]/div[3]/button[1]/span[1]}]
Capabilities {acceptInsecureCerts: false, browserName: chrome, browserVersion: 105.0.5195.127, chrome: {chromedriverVersion: 104.0.5112.79 (3cf3e8c8a07d..., userDataDir: C:\Users\lenovo\AppData\Loc...}, goog:chromeOptions: {debuggerAddress: localhost:50313}, networkConnectionEnabled: false, pageLoadStrategy: normal, platformName: WINDOWS, proxy: Proxy(), se:cdp: ws://localhost:50313/devtoo..., se:cdpVersion: 105.0.5195.127, setWindowRect: true, strictFileInteractability: false, timeouts: {implicit: 0, pageLoad: 300000, script: 30000}, unhandledPromptBehavior: dismiss and notify, webauthn:extension:credBlob: true, webauthn:extension:largeBlob: true, webauthn:virtualAuthenticators: true}
Session ID: 689aa999487991d96ec3791daebbf0b3
at sun.reflect.NativeConstructorAccessorImpl.newInstance0(Native Method)
at sun.reflect.NativeConstructorAccessorImpl.newInstance(NativeConstructorAccessorImpl.java:62)
at sun.reflect.DelegatingConstructorAccessorImpl.newInstance(DelegatingConstructorAccessorImpl.java:45)
at java.lang.reflect.Constructor.newInstance(Constructor.java:423)
at org.openqa.selenium.remote.codec.w3c.W3CHttpResponseCodec.createException(W3CHttpResponseCodec.java:200)
at org.openqa.selenium.remote.codec.w3c.W3CHttpResponseCodec.decode(W3CHttpResponseCodec.java:133)
at org.openqa.selenium.remote.codec.w3c.W3CHttpResponseCodec.decode(W3CHttpResponseCodec.java:53)
at org.openqa.selenium.remote.HttpCommandExecutor.execute(HttpCommandExecutor.java:184)
at org.openqa.selenium.remote.service.DriverCommandExecutor.invokeExecute(DriverCommandExecutor.java:167)
at org.openqa.selenium.remote.service.DriverCommandExecutor.execute(DriverCommandExecutor.java:142)
at org.openqa.selenium.remote.RemoteWebDriver.execute(RemoteWebDriver.java:547)
at org.openqa.selenium.remote.ElementLocation$ElementFinder$2.findElement(ElementLocation.java:162)
at org.openqa.selenium.remote.ElementLocation.findElement(ElementLocation.java:60)
at org.openqa.selenium.remote.RemoteWebDriver.findElement(RemoteWebDriver.java:365)
at org.openqa.selenium.remote.RemoteWebDriver.findElement(RemoteWebDriver.java:357)
at org.openqa.selenium.support.pagefactory.DefaultElementLocator.findElement(DefaultElementLocator.java:70)
at org.openqa.selenium.support.pagefactory.internal.LocatingElementHandler.invoke(LocatingElementHandler.java:39)
at com.sun.proxy.$Proxy10.click(Unknown Source)
at com.myecom.pom.SignInPagePom.createlogin(SignInPagePom.java:28)
at com.myecom.testcases.SignInPageTest.createac(SignInPageTest.java:44)
at sun.reflect.NativeMethodAccessorImpl.invoke0(Native Method)
at sun.reflect.NativeMethodAccessorImpl.invoke(NativeMethodAccessorImpl.java:62)
at sun.reflect.DelegatingMethodAccessorImpl.invoke(DelegatingMethodAccessorImpl.java:43)
at java.lang.reflect.Method.invoke(Method.java:498)
at org.testng.internal.MethodInvocationHelper.invokeMethod(MethodInvocationHelper.java:133)
at org.testng.internal.TestInvoker.invokeMethod(TestInvoker.java:598)
at org.testng.internal.TestInvoker.invokeTestMethod(TestInvoker.java:173)
at org.testng.internal.MethodRunner.runInSequence(MethodRunner.java:46)
at org.testng.internal.TestInvoker$MethodInvocationAgent.invoke(TestInvoker.java:824)
at org.testng.internal.TestInvoker.invokeTestMethods(TestInvoker.java:146)
at org.testng.internal.TestMethodWorker.invokeTestMethods(TestMethodWorker.java:146)
at org.testng.internal.TestMethodWorker.run(TestMethodWorker.java:128)
at java.util.ArrayList.forEach(ArrayList.java:1249)
at org.testng.TestRunner.privateRun(TestRunner.java:794)
at org.testng.TestRunner.run(TestRunner.java:596)
at org.testng.SuiteRunner.runTest(SuiteRunner.java:377)
at org.testng.SuiteRunner.runSequentially(SuiteRunner.java:371)
at org.testng.SuiteRunner.privateRun(SuiteRunner.java:332)
at org.testng.SuiteRunner.run(SuiteRunner.java:276)
at org.testng.SuiteRunnerWorker.runSuite(SuiteRunnerWorker.java:53)
at org.testng.SuiteRunnerWorker.run(SuiteRunnerWorker.java:96)
at org.testng.TestNG.runSuitesSequentially(TestNG.java:1212)
at org.testng.TestNG.runSuitesLocally(TestNG.java:1134)
at org.testng.TestNG.runSuites(TestNG.java:1063)
at org.testng.TestNG.run(TestNG.java:1031)
at org.testng.remote.AbstractRemoteTestNG.run(AbstractRemoteTestNG.java:115)
at org.testng.remote.RemoteTestNG.initAndRun(RemoteTestNG.java:251)
at org.testng.remote.RemoteTestNG.main(RemoteTestNG.java:77)
]]>
            </full-stacktrace>
          </exception> <!-- org.openqa.selenium.NoSuchElementException -->
          <reporter-output>
          </reporter-output>
        </test-method> <!-- createac -->
        <test-method status="PASS" signature="tearDown()[pri:0, instance:com.myecom.testcases.SignInPageTest@f4168b8]" name="tearDown" is-config="true" duration-ms="890" started-at="2022-09-19T07:10:16 IST" finished-at="2022-09-19T07:10:16 IST">
          <reporter-output>
          </reporter-output>
        </test-method> <!-- tearDown -->
        <test-method status="PASS" signature="setUp()[pri:0, instance:com.myecom.testcases.SignInPageTest@f4168b8]" name="setUp" is-config="true" duration-ms="14012" started-at="2022-09-19T07:10:16 IST" finished-at="2022-09-19T07:10:30 IST">
          <reporter-output>
          </reporter-output>
        </test-method> <!-- setUp -->
        <test-method status="FAIL" signature="login()[pri:0, instance:com.myecom.testcases.SignInPageTest@f4168b8]" name="login" duration-ms="496" started-at="2022-09-19T07:10:30 IST" finished-at="2022-09-19T07:10:31 IST">
          <exception class="java.io.IOException">
            <message>
              <![CDATA[Your InputStream was neither an OLE2 stream, nor an OOXML stream or you haven't provide the poi-ooxml*.jar in the classpath/modulepath - FileMagic: OOXML, having providers: [org.apache.poi.hssf.usermodel.HSSFWorkbookFactory@f8908f6]]]>
            </message>
            <full-stacktrace>
              <![CDATA[java.io.IOException: Your InputStream was neither an OLE2 stream, nor an OOXML stream or you haven't provide the poi-ooxml*.jar in the classpath/modulepath - FileMagic: OOXML, having providers: [org.apache.poi.hssf.usermodel.HSSFWorkbookFactory@f8908f6]
at org.apache.poi.ss.usermodel.WorkbookFactory.wp(WorkbookFactory.java:334)
at org.apache.poi.ss.usermodel.WorkbookFactory.create(WorkbookFactory.java:224)
at org.apache.poi.ss.usermodel.WorkbookFactory.create(WorkbookFactory.java:185)
at com.myecom.utiltiy.ExcelSheetHandle.getSheet(ExcelSheetHandle.java:26)
at com.myecom.testcases.SignInPageTest.login(SignInPageTest.java:53)
at sun.reflect.NativeMethodAccessorImpl.invoke0(Native Method)
at sun.reflect.NativeMethodAccessorImpl.invoke(NativeMethodAccessorImpl.java:62)
at sun.reflect.DelegatingMethodAccessorImpl.invoke(DelegatingMethodAccessorImpl.java:43)
at java.lang.reflect.Method.invoke(Method.java:498)
at org.testng.internal.MethodInvocationHelper.invokeMethod(MethodInvocationHelper.java:133)
at org.testng.internal.TestInvoker.invokeMethod(TestInvoker.java:598)
at org.testng.internal.TestInvoker.invokeTestMethod(TestInvoker.java:173)
at org.testng.internal.MethodRunner.runInSequence(MethodRunner.java:46)
at org.testng.internal.TestInvoker$MethodInvocationAgent.invoke(TestInvoker.java:824)
at org.testng.internal.TestInvoker.invokeTestMethods(TestInvoker.java:146)
at org.testng.internal.TestMethodWorker.invokeTestMethods(TestMethodWorker.java:146)
at org.testng.internal.TestMethodWorker.run(TestMethodWorker.java:128)
at java.util.ArrayList.forEach(ArrayList.java:1249)
at org.testng.TestRunner.privateRun(TestRunner.java:794)
at org.testng.TestRunner.run(TestRunner.java:596)
at org.testng.SuiteRunner.runTest(SuiteRunner.java:377)
at org.testng.SuiteRunner.runSequentially(SuiteRunner.java:371)
at org.testng.SuiteRunner.privateRun(SuiteRunner.java:332)
at org.testng.SuiteRunner.run(SuiteRunner.java:276)
at org.testng.SuiteRunnerWorker.runSuite(SuiteRunnerWorker.java:53)
at org.testng.SuiteRunnerWorker.run(SuiteRunnerWorker.java:96)
at org.testng.TestNG.runSuitesSequentially(TestNG.java:1212)
at org.testng.TestNG.runSuitesLocally(TestNG.java:1134)
at org.testng.TestNG.runSuites(TestNG.java:1063)
at org.testng.TestNG.run(TestNG.java:1031)
at org.testng.remote.AbstractRemoteTestNG.run(AbstractRemoteTestNG.java:115)
at org.testng.remote.RemoteTestNG.initAndRun(RemoteTestNG.java:251)
at org.testng.remote.RemoteTestNG.main(RemoteTestNG.java:77)
]]>
            </full-stacktrace>
          </exception> <!-- java.io.IOException -->
          <reporter-output>
          </reporter-output>
        </test-method> <!-- login -->
        <test-method status="PASS" signature="tearDown()[pri:0, instance:com.myecom.testcases.SignInPageTest@f4168b8]" name="tearDown" is-config="true" duration-ms="631" started-at="2022-09-19T07:10:31 IST" finished-at="2022-09-19T07:10:32 IST">
          <reporter-output>
          </reporter-output>
        </test-method> <!-- tearDown -->
      </class> <!-- com.myecom.testcases.SignInPageTest -->
      <class name="com.myecom.testcases.IndexPageTest">
        <test-method status="PASS" signature="setUp()[pri:0, instance:com.myecom.testcases.IndexPageTest@130f889]" name="setUp" is-config="true" duration-ms="15715" started-at="2022-09-19T07:10:32 IST" finished-at="2022-09-19T07:10:47 IST">
          <reporter-output>
          </reporter-output>
        </test-method> <!-- setUp -->
        <test-method status="PASS" signature="ClickOnSignIn()[pri:0, instance:com.myecom.testcases.IndexPageTest@130f889]" name="ClickOnSignIn" duration-ms="2634" started-at="2022-09-19T07:10:47 IST" finished-at="2022-09-19T07:10:50 IST">
          <reporter-output>
          </reporter-output>
        </test-method> <!-- ClickOnSignIn -->
        <test-method status="PASS" signature="tearDown()[pri:0, instance:com.myecom.testcases.IndexPageTest@130f889]" name="tearDown" is-config="true" duration-ms="648" started-at="2022-09-19T07:10:50 IST" finished-at="2022-09-19T07:10:51 IST">
          <reporter-output>
          </reporter-output>
        </test-method> <!-- tearDown -->
        <test-method status="PASS" signature="setUp()[pri:0, instance:com.myecom.testcases.IndexPageTest@130f889]" name="setUp" is-config="true" duration-ms="11028" started-at="2022-09-19T07:10:51 IST" finished-at="2022-09-19T07:11:02 IST">
          <reporter-output>
          </reporter-output>
        </test-method> <!-- setUp -->
        <test-method status="PASS" signature="test()[pri:0, instance:com.myecom.testcases.IndexPageTest@130f889]" name="test" duration-ms="1" started-at="2022-09-19T07:11:02 IST" finished-at="2022-09-19T07:11:02 IST">
          <reporter-output>
          </reporter-output>
        </test-method> <!-- test -->
        <test-method status="PASS" signature="tearDown()[pri:0, instance:com.myecom.testcases.IndexPageTest@130f889]" name="tearDown" is-config="true" duration-ms="677" started-at="2022-09-19T07:11:02 IST" finished-at="2022-09-19T07:11:02 IST">
          <reporter-output>
          </reporter-output>
        </test-method> <!-- tearDown -->
        <test-method status="PASS" signature="setUp()[pri:0, instance:com.myecom.testcases.IndexPageTest@130f889]" name="setUp" is-config="true" duration-ms="9632" started-at="2022-09-19T07:11:02 IST" finished-at="2022-09-19T07:11:12 IST">
          <reporter-output>
          </reporter-output>
        </test-method> <!-- setUp -->
        <test-method status="PASS" signature="validateLogo()[pri:0, instance:com.myecom.testcases.IndexPageTest@130f889]" name="validateLogo" duration-ms="95" started-at="2022-09-19T07:11:12 IST" finished-at="2022-09-19T07:11:12 IST">
          <reporter-output>
          </reporter-output>
        </test-method> <!-- validateLogo -->
        <test-method status="PASS" signature="tearDown()[pri:0, instance:com.myecom.testcases.IndexPageTest@130f889]" name="tearDown" is-config="true" duration-ms="651" started-at="2022-09-19T07:11:12 IST" finished-at="2022-09-19T07:11:13 IST">
          <reporter-output>
          </reporter-output>
        </test-method> <!-- tearDown -->
        <test-method status="PASS" signature="setUp()[pri:0, instance:com.myecom.testcases.IndexPageTest@130f889]" name="setUp" is-config="true" duration-ms="10448" started-at="2022-09-19T07:11:13 IST" finished-at="2022-09-19T07:11:23 IST">
          <reporter-output>
          </reporter-output>
        </test-method> <!-- setUp -->
        <test-method status="PASS" signature="validateSearchBoxClick()[pri:0, instance:com.myecom.testcases.IndexPageTest@130f889]" name="validateSearchBoxClick" duration-ms="5149" started-at="2022-09-19T07:11:23 IST" finished-at="2022-09-19T07:11:28 IST">
          <reporter-output>
          </reporter-output>
        </test-method> <!-- validateSearchBoxClick -->
        <test-method status="PASS" signature="tearDown()[pri:0, instance:com.myecom.testcases.IndexPageTest@130f889]" name="tearDown" is-config="true" duration-ms="1176" started-at="2022-09-19T07:11:28 IST" finished-at="2022-09-19T07:11:30 IST">
          <reporter-output>
          </reporter-output>
        </test-method> <!-- tearDown -->
        <test-method status="PASS" signature="setUp()[pri:0, instance:com.myecom.testcases.IndexPageTest@130f889]" name="setUp" is-config="true" duration-ms="16480" started-at="2022-09-19T07:11:30 IST" finished-at="2022-09-19T07:11:46 IST">
          <reporter-output>
          </reporter-output>
        </test-method> <!-- setUp -->
        <test-method status="PASS" signature="validateSearchBoxText()[pri:0, instance:com.myecom.testcases.IndexPageTest@130f889]" name="validateSearchBoxText" duration-ms="95" started-at="2022-09-19T07:11:46 IST" finished-at="2022-09-19T07:11:46 IST">
          <reporter-output>
          </reporter-output>
        </test-method> <!-- validateSearchBoxText -->
        <test-method status="PASS" signature="tearDown()[pri:0, instance:com.myecom.testcases.IndexPageTest@130f889]" name="tearDown" is-config="true" duration-ms="663" started-at="2022-09-19T07:11:46 IST" finished-at="2022-09-19T07:11:47 IST">
          <reporter-output>
          </reporter-output>
        </test-method> <!-- tearDown -->
        <test-method status="PASS" signature="setUp()[pri:0, instance:com.myecom.testcases.IndexPageTest@130f889]" name="setUp" is-config="true" duration-ms="14836" started-at="2022-09-19T07:11:47 IST" finished-at="2022-09-19T07:12:02 IST">
          <reporter-output>
          </reporter-output>
        </test-method> <!-- setUp -->
        <test-method status="PASS" signature="validatetitle()[pri:0, instance:com.myecom.testcases.IndexPageTest@130f889]" name="validatetitle" duration-ms="10" started-at="2022-09-19T07:12:02 IST" finished-at="2022-09-19T07:12:02 IST">
          <reporter-output>
          </reporter-output>
        </test-method> <!-- validatetitle -->
        <test-method status="PASS" signature="tearDown()[pri:0, instance:com.myecom.testcases.IndexPageTest@130f889]" name="tearDown" is-config="true" duration-ms="1612" started-at="2022-09-19T07:12:02 IST" finished-at="2022-09-19T07:12:03 IST">
          <reporter-output>
          </reporter-output>
        </test-method> <!-- tearDown -->
        <test-method status="PASS" signature="setUp()[pri:0, instance:com.myecom.testcases.IndexPageTest@130f889]" name="setUp" is-config="true" duration-ms="12472" started-at="2022-09-19T07:12:03 IST" finished-at="2022-09-19T07:12:16 IST">
          <reporter-output>
          </reporter-output>
        </test-method> <!-- setUp -->
        <test-method status="PASS" signature="validatetshirtclick()[pri:0, instance:com.myecom.testcases.IndexPageTest@130f889]" name="validatetshirtclick" duration-ms="5931" started-at="2022-09-19T07:12:16 IST" finished-at="2022-09-19T07:12:22 IST">
          <reporter-output>
          </reporter-output>
        </test-method> <!-- validatetshirtclick -->
        <test-method status="PASS" signature="tearDown()[pri:0, instance:com.myecom.testcases.IndexPageTest@130f889]" name="tearDown" is-config="true" duration-ms="798" started-at="2022-09-19T07:12:22 IST" finished-at="2022-09-19T07:12:22 IST">
          <reporter-output>
          </reporter-output>
        </test-method> <!-- tearDown -->
      </class> <!-- com.myecom.testcases.IndexPageTest -->
    </test> <!-- Default test -->
  </suite> <!-- Default suite -->
</testng-results>
